Arguments: 
  C:\Program Files\nodejs\node.exe C:\Users\Shaifali\AppData\Roaming\npm\node_modules\yarn\bin\yarn.js start

PATH: 
  C:\Program Files\Git\mingw64\bin;C:\Program Files\Git\usr\bin;C:\Users\Shaifali\bin;C:\Program Files (x86)\Intel\Intel(R) Management Engine Components\iCLS;C:\Program Files\Intel\Intel(R) Management Engine Components\iCLS;C:\ProgramData\Oracle\Java\javapath;C:\WINDOWS\system32;C:\WINDOWS;C:\WINDOWS\System32\Wbem;C:\WINDOWS\System32\WindowsPowerShell\v1.0;C:\HashiCorp\Vagrant\bin;C:\Program Files (x86)\HP\Unified Functional Testing\bin;C:\Program Files (x86)\Java\jdk1.8.0_121\bin;C:\WINDOWS\system32\config\systemprofile\.dnx\bin;C:\Program Files\Microsoft DNX\Dnvm;C:\Program Files\Microsoft SQL Server\130\Tools\Binn;C:\Python27\Scripts;C:\Python27\Lib\site-packages;C:\Python27;C:\Program Files\MySQL\MySQL Utilities 1.6;C:\Program Files\MySQL\MySQL Server 5.7\bin;C:\Program Files (x86)\QuickTime\QTSystem;C:\Program Files\Git\cmd;C:\Program Files\Notepad++;C:\DevTools\apache-maven-3.5.0\bin;C:\Program Files\Intel\WiFi\bin;C:\Program Files\Common Files\Intel\WirelessCommon;C:\Program Files\nodejs;C:\Python27\selenium\webdriver;C:\Program Files (x86)\Brackets\command;C:\Users\Shaifali\Documents\Bhavik\interview\selenium;C:\Program Files\Oracle\VirtualBox;C:\Program Files (x86)\Intel\Intel(R) Management Engine Components\DAL;C:\Program Files\Intel\Intel(R) Management Engine Components\DAL;C:\Program Files (x86)\Intel\Intel(R) Management Engine Components\IPT;C:\Program Files\Intel\Intel(R) Management Engine Components\IPT;C:\Users\Shaifali\scoop\shims;C:\Users\Shaifali\AppData\Local\Microsoft\WindowsApps;C:\Users\Shaifali\AppData\Local\Google\Cloud SDK\google-cloud-sdk\bin;C:\Program Files\Intel\WiFi\bin;C:\Program Files\Common Files\Intel\WirelessCommon;C:\Users\Shaifali\AppData\Roaming\npm;C:\Program Files\Microsoft VS Code\bin

Yarn version: 
  1.5.1

Node version: 
  6.11.3

Platform: 
  win32 x64

npm manifest: 
  No manifest

yarn manifest: 
  No manifest

Lockfile: 
  No lockfile

Trace: 
  Error: Couldn't find a package.json file in "C:\\Users\\Shaifali\\Documents\\Bhavik\\Lambda\\cspt1\\Insta-Clone-React\\Insta-Clone-React"
      at MessageError.Error (native)
      at new MessageError (C:\Users\Shaifali\AppData\Roaming\npm\node_modules\yarn\lib\cli.js:186:110)
      at C:\Users\Shaifali\AppData\Roaming\npm\node_modules\yarn\lib\cli.js:40048:15
      at next (native)
      at step (C:\Users\Shaifali\AppData\Roaming\npm\node_modules\yarn\lib\cli.js:98:30)
      at C:\Users\Shaifali\AppData\Roaming\npm\node_modules\yarn\lib\cli.js:109:13
